
  .   ____          _            __ _ _
 /\\ / ___'_ __ _ _(_)_ __  __ _ \ \ \ \
( ( )\___ | '_ | '_| | '_ \/ _` | \ \ \ \
 \\/  ___)| |_)| | | | | || (_| |  ) ) ) )
  '  |____| .__|_| |_|_| |_\__, | / / / /
 =========|_|==============|___/=/_/_/_/
 :: Spring Boot ::                (v3.2.0)

2026-06-08T20:53:26.107-05:00  INFO 52748 --- [sgpp-backend] [           main] e.u.i.sgpp.api.SgppApplication           : Starting SgppApplication v1.0.0 using Java 17.0.12 with PID 52748 (D:\Proyects\SG de Practicas Pre profesionales\backend\sgpp-api\target\sgpp-api-1.0.0.jar started by User in C:\Users\User\OneDrive\Documentos)
2026-06-08T20:53:26.110-05:00 DEBUG 52748 --- [sgpp-backend] [           main] e.u.i.sgpp.api.SgppApplication           : Running with Spring Boot v3.2.0, Spring v6.1.1
2026-06-08T20:53:26.111-05:00  INFO 52748 --- [sgpp-backend] [           main] e.u.i.sgpp.api.SgppApplication           : The following 1 profile is active: "local"
2026-06-08T20:53:26.903-05:00  INFO 52748 --- [sgpp-backend] [           main] .s.d.r.c.RepositoryConfigurationDelegate : Bootstrapping Spring Data JPA repositories in DEFAULT mode.
2026-06-08T20:53:26.975-05:00  INFO 52748 --- [sgpp-backend] [           main] .s.d.r.c.RepositoryConfigurationDelegate : Finished Spring Data repository scanning in 67 ms. Found 20 JPA repository interfaces.
2026-06-08T20:53:28.445-05:00  INFO 52748 --- [sgpp-backend] [           main] o.s.b.w.embedded.tomcat.TomcatWebServer  : Tomcat initialized with port 8080 (http)
2026-06-08T20:53:28.462-05:00  INFO 52748 --- [sgpp-backend] [           main] o.apache.catalina.core.StandardService   : Starting service [Tomcat]
2026-06-08T20:53:28.463-05:00  INFO 52748 --- [sgpp-backend] [           main] o.apache.catalina.core.StandardEngine    : Starting Servlet engine: [Apache Tomcat/10.1.16]
2026-06-08T20:53:28.550-05:00  INFO 52748 --- [sgpp-backend] [           main] o.a.c.c.C.[.[localhost].[/api/v1]        : Initializing Spring embedded WebApplicationContext
2026-06-08T20:53:28.551-05:00  INFO 52748 --- [sgpp-backend] [           main] w.s.c.ServletWebServerApplicationContext : Root WebApplicationContext: initialization completed in 2350 ms
2026-06-08T20:53:29.094-05:00  INFO 52748 --- [sgpp-backend] [           main] com.zaxxer.hikari.HikariDataSource       : HikariPool-1 - Starting...
2026-06-08T20:53:29.490-05:00  INFO 52748 --- [sgpp-backend] [           main] com.zaxxer.hikari.pool.HikariPool        : HikariPool-1 - Added connection org.postgresql.jdbc.PgConnection@40738846
2026-06-08T20:53:29.491-05:00  INFO 52748 --- [sgpp-backend] [           main] com.zaxxer.hikari.HikariDataSource       : HikariPool-1 - Start completed.
2026-06-08T20:53:29.902-05:00  INFO 52748 --- [sgpp-backend] [           main] o.f.c.i.s.classpath.ClassPathScanner     : Flyway OSS Edition 10.0.1 by Redgate
2026-06-08T20:53:29.902-05:00  INFO 52748 --- [sgpp-backend] [           main] o.f.c.i.s.classpath.ClassPathScanner     : 
2026-06-08T20:53:29.902-05:00  INFO 52748 --- [sgpp-backend] [           main] o.f.c.i.s.classpath.ClassPathScanner     : See release notes here: https://rd.gt/416ObMi
2026-06-08T20:53:29.923-05:00  INFO 52748 --- [sgpp-backend] [           main] org.flywaydb.core.FlywayExecutor         : Database: jdbc:postgresql://localhost:5432/sgpp_db (PostgreSQL 15.18)
2026-06-08T20:53:30.026-05:00  INFO 52748 --- [sgpp-backend] [           main] o.f.core.internal.command.DbValidate     : Successfully validated 20 migrations (execution time 00:00.073s)
2026-06-08T20:53:30.054-05:00  INFO 52748 --- [sgpp-backend] [           main] o.f.core.internal.command.DbMigrate      : Current version of schema "public": 22
2026-06-08T20:53:30.055-05:00  WARN 52748 --- [sgpp-backend] [           main] o.f.core.internal.command.DbMigrate      : outOfOrder mode is active. Migration of schema "public" may not be reproducible.
2026-06-08T20:53:30.064-05:00  INFO 52748 --- [sgpp-backend] [           main] o.f.core.internal.command.DbMigrate      : Schema "public" is up to date. No migration necessary.
2026-06-08T20:53:30.301-05:00  INFO 52748 --- [sgpp-backend] [           main] o.hibernate.jpa.internal.util.LogHelper  : HHH000204: Processing PersistenceUnitInfo [name: default]
2026-06-08T20:53:30.429-05:00  INFO 52748 --- [sgpp-backend] [           main] org.hibernate.Version                    : HHH000412: Hibernate ORM core version 6.3.1.Final
2026-06-08T20:53:30.500-05:00  INFO 52748 --- [sgpp-backend] [           main] o.h.c.internal.RegionFactoryInitiator    : HHH000026: Second-level cache disabled
2026-06-08T20:53:30.913-05:00  INFO 52748 --- [sgpp-backend] [           main] o.s.o.j.p.SpringPersistenceUnitInfo      : No LoadTimeWeaver setup: ignoring JPA class transformer
2026-06-08T20:53:30.978-05:00  WARN 52748 --- [sgpp-backend] [           main] org.hibernate.orm.deprecation            : HHH90000025: PostgreSQLDialect does not need to be specified explicitly using 'hibernate.dialect' (remove the property setting and it will be selected by default)
2026-06-08T20:53:32.940-05:00  INFO 52748 --- [sgpp-backend] [           main] o.h.e.t.j.p.i.JtaPlatformInitiator       : HHH000489: No JTA platform available (set 'hibernate.transaction.jta.platform' to enable JTA platform integration)
2026-06-08T20:53:32.997-05:00  INFO 52748 --- [sgpp-backend] [           main] j.LocalContainerEntityManagerFactoryBean : Initialized JPA EntityManagerFactory for persistence unit 'default'
2026-06-08T20:53:33.638-05:00  INFO 52748 --- [sgpp-backend] [           main] o.s.d.j.r.query.QueryEnhancerFactory     : Hibernate is in classpath; If applicable, HQL parser will be used.
2026-06-08T20:53:34.212-05:00 DEBUG 52748 --- [sgpp-backend] [           main] e.u.i.s.a.s.JwtAuthenticationFilter      : Filter 'jwtAuthenticationFilter' configured for use
2026-06-08T20:53:35.821-05:00  INFO 52748 --- [sgpp-backend] [           main] o.s.b.a.e.web.EndpointLinksResolver      : Exposing 1 endpoint(s) beneath base path '/actuator'
2026-06-08T20:53:36.486-05:00  INFO 52748 --- [sgpp-backend] [           main] o.s.s.web.DefaultSecurityFilterChain     : Will secure any request with [org.springframework.security.web.session.DisableEncodeUrlFilter@1b0ab732, org.springframework.security.web.context.request.async.WebAsyncManagerIntegrationFilter@7876caae, org.springframework.security.web.context.SecurityContextHolderFilter@7ce579f3, org.springframework.security.web.header.HeaderWriterFilter@4fddc3cb, org.springframework.web.filter.CorsFilter@4b4e763d, org.springframework.security.web.authentication.logout.LogoutFilter@286566f, edu.unt.ingenieria_industrial.sgpp.api.security.JwtAuthenticationFilter@7aeb4c8a, org.springframework.security.web.savedrequest.RequestCacheAwareFilter@559f94b0, org.springframework.security.web.servletapi.SecurityContextHolderAwareRequestFilter@918ca32, org.springframework.security.web.authentication.AnonymousAuthenticationFilter@4e27eb57, org.springframework.security.web.session.SessionManagementFilter@20dc3357, org.springframework.security.web.access.ExceptionTranslationFilter@1cf6971b, org.springframework.security.web.access.intercept.AuthorizationFilter@65ff2f44]
2026-06-08T20:53:37.581-05:00  INFO 52748 --- [sgpp-backend] [           main] o.s.b.w.embedded.tomcat.TomcatWebServer  : Tomcat started on port 8080 (http) with context path '/api/v1'
2026-06-08T20:53:37.599-05:00  INFO 52748 --- [sgpp-backend] [           main] e.u.i.sgpp.api.SgppApplication           : Started SgppApplication in 11.891 seconds (process running for 12.341)
2026-06-08T20:53:45.159-05:00  INFO 52748 --- [sgpp-backend] [nio-8080-exec-1] o.a.c.c.C.[.[localhost].[/api/v1]        : Initializing Spring DispatcherServlet 'dispatcherServlet'
2026-06-08T20:53:45.159-05:00  INFO 52748 --- [sgpp-backend] [nio-8080-exec-1] o.s.web.servlet.DispatcherServlet        : Initializing Servlet 'dispatcherServlet'
2026-06-08T20:53:45.161-05:00  INFO 52748 --- [sgpp-backend] [nio-8080-exec-1] o.s.web.servlet.DispatcherServlet        : Completed initialization in 1 ms
2026-06-08T20:53:45.188-05:00 DEBUG 52748 --- [sgpp-backend] [nio-8080-exec-1] o.s.security.web.FilterChainProxy        : Securing POST /auth/login
2026-06-08T20:53:45.206-05:00 DEBUG 52748 --- [sgpp-backend] [nio-8080-exec-1] o.s.s.w.a.AnonymousAuthenticationFilter  : Set SecurityContextHolder to anonymous SecurityContext
2026-06-08T20:53:45.208-05:00  WARN 52748 --- [sgpp-backend] [nio-8080-exec-1] o.s.w.s.h.HandlerMappingIntrospector     : Cache miss for REQUEST dispatch to '/api/v1/auth/login' (previous null). Performing MatchableHandlerMapping lookup. This is logged once only at WARN level, and every time at TRACE.
2026-06-08T20:53:45.218-05:00 DEBUG 52748 --- [sgpp-backend] [nio-8080-exec-1] o.s.security.web.FilterChainProxy        : Secured POST /auth/login
2026-06-08T20:53:45.513-05:00 DEBUG 52748 --- [sgpp-backend] [nio-8080-exec-1] org.hibernate.SQL                        : 
    /* SELECT
        u 
    FROM
        Usuario u 
    LEFT JOIN
        
    FETCH
        u.usuarioRoles ur 
    LEFT JOIN
        
    FETCH
        ur.rol 
    WHERE
        u.username = :username */ select
            u1_0.id,
            u1_0.activo,
            u1_0.apellido_materno,
            u1_0.apellido_paterno,
            u1_0.codigo_institucional,
            u1_0.creado_por,
            u1_0.cuenta_bloqueada,
            u1_0.email,
            u1_0.fecha_actualizacion,
            u1_0.fecha_creacion,
            u1_0.fecha_registro,
            u1_0.fecha_ultimo_acceso,
            u1_0.intentos_fallidos,
            u1_0.nombres,
            u1_0.numero_documento,
            u1_0.password,
            u1_0.telefono,
            u1_0.tipo_documento,
            u1_0.tipo_usuario,
            u1_0.username,
            ur1_0.id_usuario,
            ur1_0.id,
            ur1_0.asignado_por,
            ur1_0.creado_por,
            ur1_0.fecha_actualizacion,
            ur1_0.fecha_asignacion,
            ur1_0.fecha_creacion,
            ur1_0.id_rol,
            r1_0.id,
            r1_0.activo,
            r1_0.creado_por,
            r1_0.descripcion,
            r1_0.fecha_actualizacion,
            r1_0.fecha_creacion,
            r1_0.nombre 
        from
            usuario u1_0 
        left join
            usuario_rol ur1_0 
                on u1_0.id=ur1_0.id_usuario 
        left join
            rol r1_0 
                on r1_0.id=ur1_0.id_rol 
        where
            u1_0.username=?
Hibernate: 
    /* SELECT
        u 
    FROM
        Usuario u 
    LEFT JOIN
        
    FETCH
        u.usuarioRoles ur 
    LEFT JOIN
        
    FETCH
        ur.rol 
    WHERE
        u.username = :username */ select
            u1_0.id,
            u1_0.activo,
            u1_0.apellido_materno,
            u1_0.apellido_paterno,
            u1_0.codigo_institucional,
            u1_0.creado_por,
            u1_0.cuenta_bloqueada,
            u1_0.email,
            u1_0.fecha_actualizacion,
            u1_0.fecha_creacion,
            u1_0.fecha_registro,
            u1_0.fecha_ultimo_acceso,
            u1_0.intentos_fallidos,
            u1_0.nombres,
            u1_0.numero_documento,
            u1_0.password,
            u1_0.telefono,
            u1_0.tipo_documento,
            u1_0.tipo_usuario,
            u1_0.username,
            ur1_0.id_usuario,
            ur1_0.id,
            ur1_0.asignado_por,
            ur1_0.creado_por,
            ur1_0.fecha_actualizacion,
            ur1_0.fecha_asignacion,
            ur1_0.fecha_creacion,
            ur1_0.id_rol,
            r1_0.id,
            r1_0.activo,
            r1_0.creado_por,
            r1_0.descripcion,
            r1_0.fecha_actualizacion,
            r1_0.fecha_creacion,
            r1_0.nombre 
        from
            usuario u1_0 
        left join
            usuario_rol ur1_0 
                on u1_0.id=ur1_0.id_usuario 
        left join
            rol r1_0 
                on r1_0.id=ur1_0.id_rol 
        where
            u1_0.username=?
2026-06-08T20:53:45.539-05:00 DEBUG 52748 --- [sgpp-backend] [nio-8080-exec-1] org.hibernate.SQL                        : 
    select
        d1_0.id,
        d1_0.activo,
        d1_0.categoria,
        d1_0.codigo_docente,
        d1_0.creado_por,
        d1_0.departamento,
        d1_0.especialidad,
        d1_0.fecha_actualizacion,
        d1_0.fecha_creacion,
        d1_0.max_practicantes,
        d1_0.id_usuario 
    from
        docente d1_0 
    where
        d1_0.id_usuario=?
Hibernate: 
    select
        d1_0.id,
        d1_0.activo,
        d1_0.categoria,
        d1_0.codigo_docente,
        d1_0.creado_por,
        d1_0.departamento,
        d1_0.especialidad,
        d1_0.fecha_actualizacion,
        d1_0.fecha_creacion,
        d1_0.max_practicantes,
        d1_0.id_usuario 
    from
        docente d1_0 
    where
        d1_0.id_usuario=?
2026-06-08T20:53:45.543-05:00 DEBUG 52748 --- [sgpp-backend] [nio-8080-exec-1] org.hibernate.SQL                        : 
    select
        e1_0.id,
        e1_0.codigo_estudiantil,
        e1_0.creado_por,
        e1_0.creditos_aprobados,
        e1_0.creditos_requeridos_practica,
        e1_0.estado_academico,
        e1_0.fecha_actualizacion,
        e1_0.fecha_creacion,
        e1_0.fecha_egreso_estimada,
        e1_0.fecha_ingreso,
        e1_0.id_periodo_academico_actual,
        e1_0.promedio_ponderado,
        e1_0.semestre_actual,
        e1_0.id_usuario 
    from
        estudiante e1_0 
    where
        e1_0.id_usuario=?
Hibernate: 
    select
        e1_0.id,
        e1_0.codigo_estudiantil,
        e1_0.creado_por,
        e1_0.creditos_aprobados,
        e1_0.creditos_requeridos_practica,
        e1_0.estado_academico,
        e1_0.fecha_actualizacion,
        e1_0.fecha_creacion,
        e1_0.fecha_egreso_estimada,
        e1_0.fecha_ingreso,
        e1_0.id_periodo_academico_actual,
        e1_0.promedio_ponderado,
        e1_0.semestre_actual,
        e1_0.id_usuario 
    from
        estudiante e1_0 
    where
        e1_0.id_usuario=?
2026-06-08T20:53:45.546-05:00 DEBUG 52748 --- [sgpp-backend] [nio-8080-exec-1] org.hibernate.SQL                        : 
    select
        te1_0.id,
        te1_0.activo,
        te1_0.area,
        te1_0.cargo,
        te1_0.creado_por,
        te1_0.id_empresa,
        te1_0.empresa_nombre,
        te1_0.estado_tutor,
        te1_0.fecha_actualizacion,
        te1_0.fecha_creacion,
        te1_0.id_sede,
        te1_0.id_usuario 
    from
        tutor_externo te1_0 
    where
        te1_0.id_usuario=?
Hibernate: 
    select
        te1_0.id,
        te1_0.activo,
        te1_0.area,
        te1_0.cargo,
        te1_0.creado_por,
        te1_0.id_empresa,
        te1_0.empresa_nombre,
        te1_0.estado_tutor,
        te1_0.fecha_actualizacion,
        te1_0.fecha_creacion,
        te1_0.id_sede,
        te1_0.id_usuario 
    from
        tutor_externo te1_0 
    where
        te1_0.id_usuario=?
2026-06-08T20:53:45.564-05:00  INFO 52748 --- [sgpp-backend] [nio-8080-exec-1] e.u.i.s.a.s.UserDetailsServiceImpl       : Usuario encontrado: adminsys1, activo: true, cuentaBloqueada: false, roles count: 1
2026-06-08T20:53:45.565-05:00  INFO 52748 --- [sgpp-backend] [nio-8080-exec-1] e.u.i.s.a.s.UserDetailsServiceImpl       : UsuarioRol - Usuario: adminsys1, Rol ID: 8, Rol nombre: ADMIN_SISTEMA
2026-06-08T20:53:45.630-05:00 DEBUG 52748 --- [sgpp-backend] [nio-8080-exec-1] o.s.s.a.dao.DaoAuthenticationProvider    : Authenticated user
2026-06-08T20:53:45.764-05:00 DEBUG 52748 --- [sgpp-backend] [nio-8080-exec-1] org.hibernate.SQL                        : 
    /* <criteria> */ select
        u1_0.id,
        u1_0.activo,
        u1_0.apellido_materno,
        u1_0.apellido_paterno,
        u1_0.codigo_institucional,
        u1_0.creado_por,
        u1_0.cuenta_bloqueada,
        u1_0.email,
        u1_0.fecha_actualizacion,
        u1_0.fecha_creacion,
        u1_0.fecha_registro,
        u1_0.fecha_ultimo_acceso,
        u1_0.intentos_fallidos,
        u1_0.nombres,
        u1_0.numero_documento,
        u1_0.password,
        u1_0.telefono,
        u1_0.tipo_documento,
        u1_0.tipo_usuario,
        u1_0.username 
    from
        usuario u1_0 
    where
        u1_0.username=?
Hibernate: 
    /* <criteria> */ select
        u1_0.id,
        u1_0.activo,
        u1_0.apellido_materno,
        u1_0.apellido_paterno,
        u1_0.codigo_institucional,
        u1_0.creado_por,
        u1_0.cuenta_bloqueada,
        u1_0.email,
        u1_0.fecha_actualizacion,
        u1_0.fecha_creacion,
        u1_0.fecha_registro,
        u1_0.fecha_ultimo_acceso,
        u1_0.intentos_fallidos,
        u1_0.nombres,
        u1_0.numero_documento,
        u1_0.password,
        u1_0.telefono,
        u1_0.tipo_documento,
        u1_0.tipo_usuario,
        u1_0.username 
    from
        usuario u1_0 
    where
        u1_0.username=?
2026-06-08T20:53:45.768-05:00 DEBUG 52748 --- [sgpp-backend] [nio-8080-exec-1] org.hibernate.SQL                        : 
    select
        d1_0.id,
        d1_0.activo,
        d1_0.categoria,
        d1_0.codigo_docente,
        d1_0.creado_por,
        d1_0.departamento,
        d1_0.especialidad,
        d1_0.fecha_actualizacion,
        d1_0.fecha_creacion,
        d1_0.max_practicantes,
        d1_0.id_usuario 
    from
        docente d1_0 
    where
        d1_0.id_usuario=?
Hibernate: 
    select
        d1_0.id,
        d1_0.activo,
        d1_0.categoria,
        d1_0.codigo_docente,
        d1_0.creado_por,
        d1_0.departamento,
        d1_0.especialidad,
        d1_0.fecha_actualizacion,
        d1_0.fecha_creacion,
        d1_0.max_practicantes,
        d1_0.id_usuario 
    from
        docente d1_0 
    where
        d1_0.id_usuario=?
2026-06-08T20:53:45.770-05:00 DEBUG 52748 --- [sgpp-backend] [nio-8080-exec-1] org.hibernate.SQL                        : 
    select
        e1_0.id,
        e1_0.codigo_estudiantil,
        e1_0.creado_por,
        e1_0.creditos_aprobados,
        e1_0.creditos_requeridos_practica,
        e1_0.estado_academico,
        e1_0.fecha_actualizacion,
        e1_0.fecha_creacion,
        e1_0.fecha_egreso_estimada,
        e1_0.fecha_ingreso,
        e1_0.id_periodo_academico_actual,
        e1_0.promedio_ponderado,
        e1_0.semestre_actual,
        e1_0.id_usuario 
    from
        estudiante e1_0 
    where
        e1_0.id_usuario=?
Hibernate: 
    select
        e1_0.id,
        e1_0.codigo_estudiantil,
        e1_0.creado_por,
        e1_0.creditos_aprobados,
        e1_0.creditos_requeridos_practica,
        e1_0.estado_academico,
        e1_0.fecha_actualizacion,
        e1_0.fecha_creacion,
        e1_0.fecha_egreso_estimada,
        e1_0.fecha_ingreso,
        e1_0.id_periodo_academico_actual,
        e1_0.promedio_ponderado,
        e1_0.semestre_actual,
        e1_0.id_usuario 
    from
        estudiante e1_0 
    where
        e1_0.id_usuario=?
2026-06-08T20:53:45.772-05:00 DEBUG 52748 --- [sgpp-backend] [nio-8080-exec-1] org.hibernate.SQL                        : 
    select
        te1_0.id,
        te1_0.activo,
        te1_0.area,
        te1_0.cargo,
        te1_0.creado_por,
        te1_0.id_empresa,
        te1_0.empresa_nombre,
        te1_0.estado_tutor,
        te1_0.fecha_actualizacion,
        te1_0.fecha_creacion,
        te1_0.id_sede,
        te1_0.id_usuario 
    from
        tutor_externo te1_0 
    where
        te1_0.id_usuario=?
Hibernate: 
    select
        te1_0.id,
        te1_0.activo,
        te1_0.area,
        te1_0.cargo,
        te1_0.creado_por,
        te1_0.id_empresa,
        te1_0.empresa_nombre,
        te1_0.estado_tutor,
        te1_0.fecha_actualizacion,
        te1_0.fecha_creacion,
        te1_0.id_sede,
        te1_0.id_usuario 
    from
        tutor_externo te1_0 
    where
        te1_0.id_usuario=?
2026-06-08T20:53:45.798-05:00 DEBUG 52748 --- [sgpp-backend] [nio-8080-exec-1] org.hibernate.SQL                        : 
    select
        u1_0.id,
        u1_0.activo,
        u1_0.apellido_materno,
        u1_0.apellido_paterno,
        u1_0.codigo_institucional,
        u1_0.creado_por,
        u1_0.cuenta_bloqueada,
        d1_0.id,
        d1_0.activo,
        d1_0.categoria,
        d1_0.codigo_docente,
        d1_0.creado_por,
        d1_0.departamento,
        d1_0.especialidad,
        d1_0.fecha_actualizacion,
        d1_0.fecha_creacion,
        d1_0.max_practicantes,
        d1_0.id_usuario,
        u1_0.email,
        e1_0.id,
        e1_0.codigo_estudiantil,
        e1_0.creado_por,
        e1_0.creditos_aprobados,
        e1_0.creditos_requeridos_practica,
        e1_0.estado_academico,
        e1_0.fecha_actualizacion,
        e1_0.fecha_creacion,
        e1_0.fecha_egreso_estimada,
        e1_0.fecha_ingreso,
        e1_0.id_periodo_academico_actual,
        e1_0.promedio_ponderado,
        e1_0.semestre_actual,
        e1_0.id_usuario,
        u1_0.fecha_actualizacion,
        u1_0.fecha_creacion,
        u1_0.fecha_registro,
        u1_0.fecha_ultimo_acceso,
        u1_0.intentos_fallidos,
        u1_0.nombres,
        u1_0.numero_documento,
        u1_0.password,
        u1_0.telefono,
        u1_0.tipo_documento,
        u1_0.tipo_usuario,
        te1_0.id,
        te1_0.activo,
        te1_0.area,
        te1_0.cargo,
        te1_0.creado_por,
        te1_0.id_empresa,
        te1_0.empresa_nombre,
        te1_0.estado_tutor,
        te1_0.fecha_actualizacion,
        te1_0.fecha_creacion,
        te1_0.id_sede,
        te1_0.id_usuario,
        u1_0.username,
        ur1_0.id_usuario,
        ur1_0.id,
        ur1_0.asignado_por,
        ur1_0.creado_por,
        ur1_0.fecha_actualizacion,
        ur1_0.fecha_asignacion,
        ur1_0.fecha_creacion,
        ur1_0.id_rol,
        r1_0.id,
        r1_0.activo,
        r1_0.creado_por,
        r1_0.descripcion,
        r1_0.fecha_actualizacion,
        r1_0.fecha_creacion,
        r1_0.nombre 
    from
        usuario u1_0 
    left join
        docente d1_0 
            on u1_0.id=d1_0.id_usuario 
    left join
        estudiante e1_0 
            on u1_0.id=e1_0.id_usuario 
    left join
        tutor_externo te1_0 
            on u1_0.id=te1_0.id_usuario 
    left join
        usuario_rol ur1_0 
            on u1_0.id=ur1_0.id_usuario 
    left join
        rol r1_0 
            on r1_0.id=ur1_0.id_rol 
    where
        u1_0.id=?
Hibernate: 
    select
        u1_0.id,
        u1_0.activo,
        u1_0.apellido_materno,
        u1_0.apellido_paterno,
        u1_0.codigo_institucional,
        u1_0.creado_por,
        u1_0.cuenta_bloqueada,
        d1_0.id,
        d1_0.activo,
        d1_0.categoria,
        d1_0.codigo_docente,
        d1_0.creado_por,
        d1_0.departamento,
        d1_0.especialidad,
        d1_0.fecha_actualizacion,
        d1_0.fecha_creacion,
        d1_0.max_practicantes,
        d1_0.id_usuario,
        u1_0.email,
        e1_0.id,
        e1_0.codigo_estudiantil,
        e1_0.creado_por,
        e1_0.creditos_aprobados,
        e1_0.creditos_requeridos_practica,
        e1_0.estado_academico,
        e1_0.fecha_actualizacion,
        e1_0.fecha_creacion,
        e1_0.fecha_egreso_estimada,
        e1_0.fecha_ingreso,
        e1_0.id_periodo_academico_actual,
        e1_0.promedio_ponderado,
        e1_0.semestre_actual,
        e1_0.id_usuario,
        u1_0.fecha_actualizacion,
        u1_0.fecha_creacion,
        u1_0.fecha_registro,
        u1_0.fecha_ultimo_acceso,
        u1_0.intentos_fallidos,
        u1_0.nombres,
        u1_0.numero_documento,
        u1_0.password,
        u1_0.telefono,
        u1_0.tipo_documento,
        u1_0.tipo_usuario,
        te1_0.id,
        te1_0.activo,
        te1_0.area,
        te1_0.cargo,
        te1_0.creado_por,
        te1_0.id_empresa,
        te1_0.empresa_nombre,
        te1_0.estado_tutor,
        te1_0.fecha_actualizacion,
        te1_0.fecha_creacion,
        te1_0.id_sede,
        te1_0.id_usuario,
        u1_0.username,
        ur1_0.id_usuario,
        ur1_0.id,
        ur1_0.asignado_por,
        ur1_0.creado_por,
        ur1_0.fecha_actualizacion,
        ur1_0.fecha_asignacion,
        ur1_0.fecha_creacion,
        ur1_0.id_rol,
        r1_0.id,
        r1_0.activo,
        r1_0.creado_por,
        r1_0.descripcion,
        r1_0.fecha_actualizacion,
        r1_0.fecha_creacion,
        r1_0.nombre 
    from
        usuario u1_0 
    left join
        docente d1_0 
            on u1_0.id=d1_0.id_usuario 
    left join
        estudiante e1_0 
            on u1_0.id=e1_0.id_usuario 
    left join
        tutor_externo te1_0 
            on u1_0.id=te1_0.id_usuario 
    left join
        usuario_rol ur1_0 
            on u1_0.id=ur1_0.id_usuario 
    left join
        rol r1_0 
            on r1_0.id=ur1_0.id_rol 
    where
        u1_0.id=?
2026-06-08T20:53:45.808-05:00 DEBUG 52748 --- [sgpp-backend] [nio-8080-exec-1] org.hibernate.SQL                        : 
    select
        ur1_0.id_rol,
        ur1_0.id,
        ur1_0.asignado_por,
        ur1_0.creado_por,
        ur1_0.fecha_actualizacion,
        ur1_0.fecha_asignacion,
        ur1_0.fecha_creacion,
        ur1_0.id_usuario 
    from
        usuario_rol ur1_0 
    where
        ur1_0.id_rol=?
Hibernate: 
    select
        ur1_0.id_rol,
        ur1_0.id,
        ur1_0.asignado_por,
        ur1_0.creado_por,
        ur1_0.fecha_actualizacion,
        ur1_0.fecha_asignacion,
        ur1_0.fecha_creacion,
        ur1_0.id_usuario 
    from
        usuario_rol ur1_0 
    where
        ur1_0.id_rol=?
2026-06-08T20:53:45.868-05:00 DEBUG 52748 --- [sgpp-backend] [nio-8080-exec-1] org.hibernate.SQL                        : 
    /* update
        for edu.unt.ingenieria_industrial.sgpp.core.seguridad.model.Usuario */update usuario 
    set
        activo=?,
        apellido_materno=?,
        apellido_paterno=?,
        codigo_institucional=?,
        creado_por=?,
        cuenta_bloqueada=?,
        email=?,
        fecha_actualizacion=?,
        fecha_registro=?,
        fecha_ultimo_acceso=?,
        intentos_fallidos=?,
        nombres=?,
        numero_documento=?,
        password=?,
        telefono=?,
        tipo_documento=?,
        tipo_usuario=?,
        username=? 
    where
        id=?
Hibernate: 
    /* update
        for edu.unt.ingenieria_industrial.sgpp.core.seguridad.model.Usuario */update usuario 
    set
        activo=?,
        apellido_materno=?,
        apellido_paterno=?,
        codigo_institucional=?,
        creado_por=?,
        cuenta_bloqueada=?,
        email=?,
        fecha_actualizacion=?,
        fecha_registro=?,
        fecha_ultimo_acceso=?,
        intentos_fallidos=?,
        nombres=?,
        numero_documento=?,
        password=?,
        telefono=?,
        tipo_documento=?,
        tipo_usuario=?,
        username=? 
    where
        id=?
